<<<<<<< HEAD
Ôªø[09/05/2016 10:50:47]	[Cr√©ation playlist]	Impossible de supprimer les pistes li√©es √† la playlist '13'
[09/05/2016 11:18:59]	[Cr√©ation playlist]	Impossible de supprimer les pistes li√©es √† la playlist '13'
[09/05/2016 11:19:09]	[Cr√©ation playlist]	Impossible de supprimer les pistes li√©es √† la playlist '13'
=======
Ôªø[09/05/2016 10:55:37]	[API R√©cup√©ration donn√©es]	Connexion √† la base de donn√©es impossible : SQLSTATE[HY000] [1045] AccËs refusÈ pour l'utilisateur: 'db_reader_music'@'@localhost' (mot de passe: OUI)
[09/05/2016 10:56:24]	[API R√©cup√©ration donn√©es]	Connexion √† la base de donn√©es impossible : SQLSTATE[HY000] [1045] AccËs refusÈ pour l'utilisateur: 'db_reader_music'@'@localhost' (mot de passe: OUI)
[09/05/2016 10:56:46]	[API R√©cup√©ration donn√©es]	Connexion √† la base de donn√©es impossible : SQLSTATE[HY000] [1045] AccËs refusÈ pour l'utilisateur: 'db_reader_music'@'@localhost' (mot de passe: OUI)
[09/05/2016 10:57:51]	[API R√©cup√©ration donn√©es]	Connexion √† la base de donn√©es impossible : SQLSTATE[HY000] [1045] AccËs refusÈ pour l'utilisateur: 'db_reader_music'@'@localhost' (mot de passe: OUI)
[09/05/2016 10:58:00]	[API R√©cup√©ration donn√©es]	Connexion √† la base de donn√©es impossible : SQLSTATE[HY000] [1045] AccËs refusÈ pour l'utilisateur: 'db_reader_music'@'@localhost' (mot de passe: OUI)
[09/05/2016 10:58:00]	[API R√©cup√©ration donn√©es]	Connexion √† la base de donn√©es impossible : SQLSTATE[HY000] [1045] AccËs refusÈ pour l'utilisateur: 'db_reader_music'@'@localhost' (mot de passe: OUI)
[09/05/2016 10:59:04]	[API R√©cup√©ration donn√©es]	Connexion √† la base de donn√©es impossible : SQLSTATE[HY000] [1045] AccËs refusÈ pour l'utilisateur: 'db_reader_music'@'@localhost' (mot de passe: OUI)
[09/05/2016 10:59:04]	[API R√©cup√©ration donn√©es]	Connexion √† la base de donn√©es impossible : SQLSTATE[HY000] [1045] AccËs refusÈ pour l'utilisateur: 'db_reader_music'@'@localhost' (mot de passe: OUI)
>>>>>>> origin/master
[09/05/2016 14:02:53]	[API R√©cup√©ration donn√©es]	Connexion √† la base de donn√©es impossible : SQLSTATE[HY000] [1045] AccËs refusÈ pour l'utilisateur: 'root'@'@localhost' (mot de passe: NON)
[09/05/2016 14:02:53]	[API R√©cup√©ration donn√©es]	Connexion √† la base de donn√©es impossible : SQLSTATE[HY000] [1045] AccËs refusÈ pour l'utilisateur: 'root'@'@localhost' (mot de passe: NON)
[09/05/2016 14:03:01]	[API √âdition m√©tadonn√©es]	Connexion √† la base de donn√©es impossible : SQLSTATE[HY000] [1045] AccËs refusÈ pour l'utilisateur: 'root'@'@localhost' (mot de passe: NON)
[09/05/2016 14:03:03]	[API √âdition m√©tadonn√©es]	Connexion √† la base de donn√©es impossible : SQLSTATE[HY000] [1045] AccËs refusÈ pour l'utilisateur: 'root'@'@localhost' (mot de passe: NON)
[09/05/2016 14:03:08]	[API R√©cup√©ration donn√©es]	Connexion √† la base de donn√©es impossible : SQLSTATE[HY000] [1045] AccËs refusÈ pour l'utilisateur: 'root'@'@localhost' (mot de passe: NON)
[09/05/2016 14:03:14]	[API R√©cup√©ration donn√©es]	Connexion √† la base de donn√©es impossible : SQLSTATE[HY000] [1045] AccËs refusÈ pour l'utilisateur: 'root'@'@localhost' (mot de passe: NON)
[09/05/2016 14:03:15]	[API R√©cup√©ration donn√©es]	Connexion √† la base de donn√©es impossible : SQLSTATE[HY000] [1045] AccËs refusÈ pour l'utilisateur: 'root'@'@localhost' (mot de passe: NON)
[09/05/2016 14:03:18]	[API R√©cup√©ration donn√©es]	Connexion √† la base de donn√©es impossible : SQLSTATE[HY000] [1045] AccËs refusÈ pour l'utilisateur: 'root'@'@localhost' (mot de passe: NON)
[09/05/2016 14:03:20]	[API R√©cup√©ration donn√©es]	Connexion √† la base de donn√©es impossible : SQLSTATE[HY000] [1045] AccËs refusÈ pour l'utilisateur: 'root'@'@localhost' (mot de passe: NON)
[09/05/2016 14:03:25]	[API R√©cup√©ration donn√©es]	Connexion √† la base de donn√©es impossible : SQLSTATE[HY000] [1045] AccËs refusÈ pour l'utilisateur: 'root'@'@localhost' (mot de passe: NON)
[09/05/2016 14:03:27]	[API R√©cup√©ration donn√©es]	Connexion √† la base de donn√©es impossible : SQLSTATE[HY000] [1045] AccËs refusÈ pour l'utilisateur: 'root'@'@localhost' (mot de passe: NON)
[09/05/2016 14:03:31]	[API R√©cup√©ration donn√©es]	Connexion √† la base de donn√©es impossible : SQLSTATE[HY000] [1045] AccËs refusÈ pour l'utilisateur: 'root'@'@localhost' (mot de passe: NON)
[09/05/2016 14:03:33]	[API R√©cup√©ration donn√©es]	Connexion √† la base de donn√©es impossible : SQLSTATE[HY000] [1045] AccËs refusÈ pour l'utilisateur: 'root'@'@localhost' (mot de passe: NON)
[09/05/2016 14:03:36]	[API R√©cup√©ration donn√©es]	Connexion √† la base de donn√©es impossible : SQLSTATE[HY000] [1045] AccËs refusÈ pour l'utilisateur: 'root'@'@localhost' (mot de passe: NON)
[09/05/2016 14:03:38]	[API R√©cup√©ration donn√©es]	Connexion √† la base de donn√©es impossible : SQLSTATE[HY000] [1045] AccËs refusÈ pour l'utilisateur: 'root'@'@localhost' (mot de passe: NON)
[09/05/2016 14:03:41]	[API R√©cup√©ration donn√©es]	Connexion √† la base de donn√©es impossible : SQLSTATE[HY000] [1045] AccËs refusÈ pour l'utilisateur: 'root'@'@localhost' (mot de passe: NON)
[09/05/2016 14:03:42]	[API R√©cup√©ration donn√©es]	Connexion √† la base de donn√©es impossible : SQLSTATE[HY000] [1045] AccËs refusÈ pour l'utilisateur: 'root'@'@localhost' (mot de passe: NON)
[09/05/2016 14:03:46]	[API R√©cup√©ration donn√©es]	Connexion √† la base de donn√©es impossible : SQLSTATE[HY000] [1045] AccËs refusÈ pour l'utilisateur: 'root'@'@localhost' (mot de passe: NON)
[09/05/2016 14:03:54]	[API R√©cup√©ration donn√©es]	Connexion √† la base de donn√©es impossible : SQLSTATE[HY000] [1045] AccËs refusÈ pour l'utilisateur: 'root'@'@localhost' (mot de passe: NON)
[09/05/2016 14:03:58]	[API R√©cup√©ration donn√©es]	Connexion √† la base de donn√©es impossible : SQLSTATE[HY000] [1045] AccËs refusÈ pour l'utilisateur: 'root'@'@localhost' (mot de passe: NON)
[09/05/2016 14:07:45]   [Player]   Requete recuperation nom fichier flac impossible"
[09/05/2016 14:07:45]   [Player]   Requete recuperation nom fichier flac impossible"
[09/05/2016 14:07:45]   [Player]   Requete recuperation nom fichier flac impossible"
[09/05/2016 14:16:36]   [Player]   Requete recuperation nom fichier flac impossible"
[09/05/2016 14:16:36]   [Player]   Requete recuperation nom fichier flac impossible"
[09/05/2016 14:16:36]   [Player]   Requete recuperation nom fichier flac impossible"
[09/05/2016 14:16:36]   [Player]   Requete recuperation nom fichier flac impossible"
[09/05/2016 14:17:23]	[Cr√©ation playlist]	Impossible de supprimer les pistes li√©es √† la playlist '13'
[09/05/2016 14:59:11]	[API Importation]	Une erreur est survenue lors de l'upload du fichier : ''
[10/05/2016 14:13:25]	[API Importation]	Le fichier existe d√©j√† (fichier : 'BIS1536-001-flac_16.flac')
[10/05/2016 14:15:22]	[API Importation]	Le fichier existe d√©j√† (fichier : 'BIS1536-001-flac_16.flac')
[10/05/2016 14:19:06]	[API Importation]	Le fichier existe d√©j√† (fichier : 'BIS1536-001-flac_16.flac')
[10/05/2016 14:22:50]	[API Importation]	Le fichier existe d√©j√† (fichier : 'BIS1536-001-flac_16.flac')
[10/05/2016 15:52:31]	[Cr√©ation playlist]	INSERT INTO contenu_playlists VALUES ( '', 14, 3 )
[10/05/2016 15:52:31]	[Cr√©ation playlist]	INSERT INTO contenu_playlists VALUES ( '', 14, 44 )
[10/05/2016 15:52:31]	[Cr√©ation playlist]	INSERT INTO contenu_playlists VALUES ( '', 14, 45 )
[10/05/2016 15:57:38]	[Cr√©ation playlist]	INSERT INTO contenu_playlists VALUES ( '', 15, 63 )
[10/05/2016 15:57:38]	[Cr√©ation playlist]	INSERT INTO contenu_playlists VALUES ( '', 15, 27 )
[10/05/2016 15:57:38]	[Cr√©ation playlist]	INSERT INTO contenu_playlists VALUES ( '', 15, 14 )
[10/05/2016 15:57:38]	[Cr√©ation playlist]	INSERT INTO contenu_playlists VALUES ( '', 15, 34 )
[10/05/2016 15:57:38]	[Cr√©ation playlist]	INSERT INTO contenu_playlists VALUES ( '', 15, 37 )
[10/05/2016 15:57:38]	[Cr√©ation playlist]	INSERT INTO contenu_playlists VALUES ( '', 15, 11 )
[10/05/2016 15:57:38]	[Cr√©ation playlist]	INSERT INTO contenu_playlists VALUES ( '', 15, 49 )
[10/05/2016 15:57:38]	[Cr√©ation playlist]	INSERT INTO contenu_playlists VALUES ( '', 15, 46 )
[10/05/2016 15:57:38]	[Cr√©ation playlist]	INSERT INTO contenu_playlists VALUES ( '', 15, 45 )
[10/05/2016 15:57:38]	[Cr√©ation playlist]	INSERT INTO contenu_playlists VALUES ( '', 15, 43 )
[10/05/2016 15:57:38]	[Cr√©ation playlist]	INSERT INTO contenu_playlists VALUES ( '', 15, 1 )
[10/05/2016 15:57:38]	[Cr√©ation playlist]	INSERT INTO contenu_playlists VALUES ( '', 15, 2 )
[10/05/2016 15:57:38]	[Cr√©ation playlist]	INSERT INTO contenu_playlists VALUES ( '', 15, 3 )
[10/05/2016 15:58:29]	[API Importation]	Une erreur est survenue lors de l'upload du fichier : ''
[10/05/2016 15:59:44]	[Cr√©ation playlist]	INSERT INTO contenu_playlists VALUES ( '', 16, 13 )
[10/05/2016 15:59:44]	[Cr√©ation playlist]	INSERT INTO contenu_playlists VALUES ( '', 16, 40 )
[10/05/2016 15:59:56]	[API Importation]	Une erreur est survenue lors de l'upload du fichier : ''
[10/05/2016 16:00:27]	[API Importation]	Le fichier existe d√©j√† (fichier : '06 America.flac')
